{"/Users/evasevillanoplata/Desktop/OXYGEN/TestingDashboard/Testing/room.js": {"path":"/Users/evasevillanoplata/Desktop/OXYGEN/TestingDashboard/Testing/room.js","statementMap":{"0":{"start":{"line":3,"column":4},"end":{"line":5,"column":5}},"1":{"start":{"line":4,"column":6},"end":{"line":4,"column":72}},"2":{"start":{"line":6,"column":4},"end":{"line":8,"column":5}},"3":{"start":{"line":7,"column":6},"end":{"line":7,"column":61}},"4":{"start":{"line":9,"column":4},"end":{"line":11,"column":5}},"5":{"start":{"line":10,"column":6},"end":{"line":10,"column":52}},"6":{"start":{"line":13,"column":4},"end":{"line":13,"column":21}},"7":{"start":{"line":14,"column":4},"end":{"line":14,"column":23}},"8":{"start":{"line":15,"column":4},"end":{"line":15,"column":21}},"9":{"start":{"line":16,"column":4},"end":{"line":16,"column":29}},"10":{"start":{"line":20,"column":4},"end":{"line":20,"column":93}},"11":{"start":{"line":20,"column":40},"end":{"line":20,"column":91}},"12":{"start":{"line":24,"column":4},"end":{"line":24,"column":38}},"13":{"start":{"line":24,"column":29},"end":{"line":24,"column":38}},"14":{"start":{"line":26,"column":22},"end":{"line":26,"column":71}},"15":{"start":{"line":28,"column":25},"end":{"line":33,"column":9}},"16":{"start":{"line":29,"column":27},"end":{"line":29,"column":73}},"17":{"start":{"line":30,"column":25},"end":{"line":30,"column":70}},"18":{"start":{"line":31,"column":6},"end":{"line":31,"column":104}},"19":{"start":{"line":31,"column":39},"end":{"line":31,"column":103}},"20":{"start":{"line":32,"column":6},"end":{"line":32,"column":18}},"21":{"start":{"line":35,"column":4},"end":{"line":35,"column":59}},"22":{"start":{"line":40,"column":4},"end":{"line":40,"column":123}},"23":{"start":{"line":40,"column":31},"end":{"line":40,"column":121}},"24":{"start":{"line":40,"column":61},"end":{"line":40,"column":120}},"25":{"start":{"line":46,"column":4},"end":{"line":48,"column":5}},"26":{"start":{"line":47,"column":6},"end":{"line":47,"column":87}},"27":{"start":{"line":50,"column":4},"end":{"line":52,"column":5}},"28":{"start":{"line":51,"column":6},"end":{"line":51,"column":48}},"29":{"start":{"line":54,"column":4},"end":{"line":54,"column":21}},"30":{"start":{"line":55,"column":4},"end":{"line":55,"column":23}},"31":{"start":{"line":56,"column":4},"end":{"line":56,"column":27}},"32":{"start":{"line":57,"column":4},"end":{"line":57,"column":29}},"33":{"start":{"line":58,"column":4},"end":{"line":58,"column":29}},"34":{"start":{"line":59,"column":4},"end":{"line":59,"column":21}},"35":{"start":{"line":62,"column":42},"end":{"line":62,"column":70}},"36":{"start":{"line":62,"column":72},"end":{"line":62,"column":102}},"37":{"start":{"line":66,"column":17},"end":{"line":66,"column":75}},"38":{"start":{"line":67,"column":20},"end":{"line":67,"column":41}},"39":{"start":{"line":68,"column":26},"end":{"line":68,"column":81}},"40":{"start":{"line":69,"column":4},"end":{"line":69,"column":41}},"41":{"start":{"line":74,"column":0},"end":{"line":74,"column":35}}},"fnMap":{"0":{"name":"(anonymous_0)","decl":{"start":{"line":2,"column":2},"end":{"line":2,"column":3}},"loc":{"start":{"line":2,"column":36},"end":{"line":17,"column":3}},"line":2},"1":{"name":"(anonymous_1)","decl":{"start":{"line":19,"column":2},"end":{"line":19,"column":3}},"loc":{"start":{"line":19,"column":19},"end":{"line":21,"column":3}},"line":19},"2":{"name":"(anonymous_2)","decl":{"start":{"line":20,"column":30},"end":{"line":20,"column":31}},"loc":{"start":{"line":20,"column":40},"end":{"line":20,"column":91}},"line":20},"3":{"name":"(anonymous_3)","decl":{"start":{"line":23,"column":2},"end":{"line":23,"column":3}},"loc":{"start":{"line":23,"column":42},"end":{"line":36,"column":3}},"line":23},"4":{"name":"(anonymous_4)","decl":{"start":{"line":28,"column":46},"end":{"line":28,"column":47}},"loc":{"start":{"line":28,"column":65},"end":{"line":33,"column":5}},"line":28},"5":{"name":"(anonymous_5)","decl":{"start":{"line":39,"column":2},"end":{"line":39,"column":3}},"loc":{"start":{"line":39,"column":51},"end":{"line":41,"column":3}},"line":39},"6":{"name":"(anonymous_6)","decl":{"start":{"line":40,"column":24},"end":{"line":40,"column":25}},"loc":{"start":{"line":40,"column":31},"end":{"line":40,"column":121}},"line":40},"7":{"name":"(anonymous_7)","decl":{"start":{"line":40,"column":51},"end":{"line":40,"column":52}},"loc":{"start":{"line":40,"column":61},"end":{"line":40,"column":120}},"line":40},"8":{"name":"(anonymous_8)","decl":{"start":{"line":45,"column":2},"end":{"line":45,"column":3}},"loc":{"start":{"line":45,"column":62},"end":{"line":60,"column":3}},"line":45},"9":{"name":"(anonymous_9)","decl":{"start":{"line":62,"column":2},"end":{"line":62,"column":3}},"loc":{"start":{"line":62,"column":22},"end":{"line":63,"column":3}},"line":62},"10":{"name":"(anonymous_10)","decl":{"start":{"line":65,"column":2},"end":{"line":65,"column":3}},"loc":{"start":{"line":65,"column":12},"end":{"line":70,"column":3}},"line":65}},"branchMap":{"0":{"loc":{"start":{"line":3,"column":4},"end":{"line":5,"column":5}},"type":"if","locations":[{"start":{"line":3,"column":4},"end":{"line":5,"column":5}},{"start":{},"end":{}}],"line":3},"1":{"loc":{"start":{"line":3,"column":8},"end":{"line":3,"column":45}},"type":"binary-expr","locations":[{"start":{"line":3,"column":8},"end":{"line":3,"column":32}},{"start":{"line":3,"column":36},"end":{"line":3,"column":45}}],"line":3},"2":{"loc":{"start":{"line":6,"column":4},"end":{"line":8,"column":5}},"type":"if","locations":[{"start":{"line":6,"column":4},"end":{"line":8,"column":5}},{"start":{},"end":{}}],"line":6},"3":{"loc":{"start":{"line":9,"column":4},"end":{"line":11,"column":5}},"type":"if","locations":[{"start":{"line":9,"column":4},"end":{"line":11,"column":5}},{"start":{},"end":{}}],"line":9},"4":{"loc":{"start":{"line":20,"column":40},"end":{"line":20,"column":91}},"type":"binary-expr","locations":[{"start":{"line":20,"column":40},"end":{"line":20,"column":63}},{"start":{"line":20,"column":67},"end":{"line":20,"column":91}}],"line":20},"5":{"loc":{"start":{"line":24,"column":4},"end":{"line":24,"column":38}},"type":"if","locations":[{"start":{"line":24,"column":4},"end":{"line":24,"column":38}},{"start":{},"end":{}}],"line":24},"6":{"loc":{"start":{"line":31,"column":6},"end":{"line":31,"column":104}},"type":"if","locations":[{"start":{"line":31,"column":6},"end":{"line":31,"column":104}},{"start":{},"end":{}}],"line":31},"7":{"loc":{"start":{"line":40,"column":61},"end":{"line":40,"column":120}},"type":"binary-expr","locations":[{"start":{"line":40,"column":61},"end":{"line":40,"column":90}},{"start":{"line":40,"column":94},"end":{"line":40,"column":120}}],"line":40},"8":{"loc":{"start":{"line":46,"column":4},"end":{"line":48,"column":5}},"type":"if","locations":[{"start":{"line":46,"column":4},"end":{"line":48,"column":5}},{"start":{},"end":{}}],"line":46},"9":{"loc":{"start":{"line":50,"column":4},"end":{"line":52,"column":5}},"type":"if","locations":[{"start":{"line":50,"column":4},"end":{"line":52,"column":5}},{"start":{},"end":{}}],"line":50}},"s":{"0":7,"1":0,"2":7,"3":1,"4":6,"5":1,"6":5,"7":5,"8":5,"9":5,"10":3,"11":4,"12":3,"13":1,"14":2,"15":2,"16":5,"17":5,"18":5,"19":3,"20":5,"21":2,"22":1,"23":2,"24":4,"25":10,"26":1,"27":9,"28":1,"29":8,"30":8,"31":8,"32":8,"33":8,"34":8,"35":9,"36":9,"37":2,"38":2,"39":2,"40":2,"41":1},"f":{"0":7,"1":3,"2":4,"3":3,"4":5,"5":1,"6":2,"7":4,"8":10,"9":9,"10":2},"b":{"0":[0,7],"1":[7,7],"2":[1,6],"3":[1,5],"4":[4,2],"5":[1,2],"6":[3,2],"7":[4,4],"8":[1,9],"9":[1,8]},"_coverageSchema":"1a1c01bbd47fc00a2c39e90264f33305004495a9","hash":"558f42ab7de25de8d887f6c3c3e7d0b496f0966a"}
}
