{"/Users/evasevillanoplata/Desktop/OXYGEN/TestingDashboard/src/room.js": {"path":"/Users/evasevillanoplata/Desktop/OXYGEN/TestingDashboard/src/room.js","statementMap":{"0":{"start":{"line":4,"column":8},"end":{"line":6,"column":9}},"1":{"start":{"line":5,"column":12},"end":{"line":5,"column":80}},"2":{"start":{"line":7,"column":8},"end":{"line":9,"column":9}},"3":{"start":{"line":8,"column":12},"end":{"line":8,"column":78}},"4":{"start":{"line":10,"column":8},"end":{"line":12,"column":9}},"5":{"start":{"line":11,"column":12},"end":{"line":11,"column":67}},"6":{"start":{"line":13,"column":8},"end":{"line":15,"column":9}},"7":{"start":{"line":14,"column":12},"end":{"line":14,"column":58}},"8":{"start":{"line":16,"column":8},"end":{"line":16,"column":25}},"9":{"start":{"line":17,"column":8},"end":{"line":17,"column":27}},"10":{"start":{"line":18,"column":8},"end":{"line":18,"column":25}},"11":{"start":{"line":19,"column":8},"end":{"line":19,"column":33}},"12":{"start":{"line":22,"column":8},"end":{"line":22,"column":98}},"13":{"start":{"line":22,"column":45},"end":{"line":22,"column":96}},"14":{"start":{"line":25,"column":8},"end":{"line":26,"column":21}},"15":{"start":{"line":26,"column":12},"end":{"line":26,"column":21}},"16":{"start":{"line":27,"column":26},"end":{"line":27,"column":95}},"17":{"start":{"line":28,"column":29},"end":{"line":35,"column":13}},"18":{"start":{"line":29,"column":33},"end":{"line":29,"column":99}},"19":{"start":{"line":30,"column":31},"end":{"line":30,"column":96}},"20":{"start":{"line":31,"column":12},"end":{"line":33,"column":13}},"21":{"start":{"line":32,"column":16},"end":{"line":32,"column":100}},"22":{"start":{"line":34,"column":12},"end":{"line":34,"column":24}},"23":{"start":{"line":36,"column":8},"end":{"line":36,"column":63}},"24":{"start":{"line":39,"column":8},"end":{"line":41,"column":9}},"25":{"start":{"line":40,"column":12},"end":{"line":40,"column":21}},"26":{"start":{"line":42,"column":26},"end":{"line":42,"column":95}},"27":{"start":{"line":43,"column":32},"end":{"line":43,"column":33}},"28":{"start":{"line":44,"column":8},"end":{"line":52,"column":9}},"29":{"start":{"line":45,"column":12},"end":{"line":51,"column":13}},"30":{"start":{"line":46,"column":37},"end":{"line":46,"column":103}},"31":{"start":{"line":47,"column":35},"end":{"line":47,"column":100}},"32":{"start":{"line":48,"column":16},"end":{"line":50,"column":17}},"33":{"start":{"line":49,"column":20},"end":{"line":49,"column":117}},"34":{"start":{"line":53,"column":30},"end":{"line":53,"column":54}},"35":{"start":{"line":54,"column":27},"end":{"line":54,"column":68}},"36":{"start":{"line":55,"column":8},"end":{"line":55,"column":38}},"37":{"start":{"line":58,"column":8},"end":{"line":64,"column":11}},"38":{"start":{"line":59,"column":12},"end":{"line":63,"column":15}},"39":{"start":{"line":60,"column":16},"end":{"line":62,"column":83}},"40":{"start":{"line":69,"column":8},"end":{"line":71,"column":9}},"41":{"start":{"line":70,"column":12},"end":{"line":70,"column":52}},"42":{"start":{"line":72,"column":8},"end":{"line":74,"column":9}},"43":{"start":{"line":73,"column":12},"end":{"line":73,"column":61}},"44":{"start":{"line":75,"column":8},"end":{"line":77,"column":9}},"45":{"start":{"line":76,"column":12},"end":{"line":76,"column":64}},"46":{"start":{"line":78,"column":8},"end":{"line":80,"column":9}},"47":{"start":{"line":79,"column":12},"end":{"line":79,"column":54}},"48":{"start":{"line":81,"column":8},"end":{"line":86,"column":9}},"49":{"start":{"line":82,"column":12},"end":{"line":84,"column":13}},"50":{"start":{"line":83,"column":16},"end":{"line":83,"column":83}},"51":{"start":{"line":85,"column":12},"end":{"line":85,"column":93}},"52":{"start":{"line":87,"column":8},"end":{"line":87,"column":25}},"53":{"start":{"line":88,"column":8},"end":{"line":88,"column":27}},"54":{"start":{"line":89,"column":8},"end":{"line":89,"column":31}},"55":{"start":{"line":90,"column":8},"end":{"line":90,"column":33}},"56":{"start":{"line":91,"column":8},"end":{"line":91,"column":33}},"57":{"start":{"line":92,"column":8},"end":{"line":92,"column":25}},"58":{"start":{"line":95,"column":27},"end":{"line":95,"column":55}},"59":{"start":{"line":96,"column":8},"end":{"line":96,"column":38}},"60":{"start":{"line":99,"column":21},"end":{"line":99,"column":99}},"61":{"start":{"line":100,"column":24},"end":{"line":100,"column":45}},"62":{"start":{"line":101,"column":30},"end":{"line":101,"column":87}},"63":{"start":{"line":102,"column":8},"end":{"line":102,"column":45}},"64":{"start":{"line":105,"column":0},"end":{"line":105,"column":35}}},"fnMap":{"0":{"name":"(anonymous_0)","decl":{"start":{"line":3,"column":4},"end":{"line":3,"column":5}},"loc":{"start":{"line":3,"column":38},"end":{"line":20,"column":5}},"line":3},"1":{"name":"(anonymous_1)","decl":{"start":{"line":21,"column":4},"end":{"line":21,"column":5}},"loc":{"start":{"line":21,"column":21},"end":{"line":23,"column":5}},"line":21},"2":{"name":"(anonymous_2)","decl":{"start":{"line":22,"column":34},"end":{"line":22,"column":35}},"loc":{"start":{"line":22,"column":45},"end":{"line":22,"column":96}},"line":22},"3":{"name":"(anonymous_3)","decl":{"start":{"line":24,"column":4},"end":{"line":24,"column":5}},"loc":{"start":{"line":24,"column":44},"end":{"line":37,"column":5}},"line":24},"4":{"name":"(anonymous_4)","decl":{"start":{"line":28,"column":50},"end":{"line":28,"column":51}},"loc":{"start":{"line":28,"column":69},"end":{"line":35,"column":9}},"line":28},"5":{"name":"(anonymous_5)","decl":{"start":{"line":38,"column":4},"end":{"line":38,"column":5}},"loc":{"start":{"line":38,"column":63},"end":{"line":56,"column":5}},"line":38},"6":{"name":"(anonymous_6)","decl":{"start":{"line":57,"column":4},"end":{"line":57,"column":5}},"loc":{"start":{"line":57,"column":53},"end":{"line":65,"column":5}},"line":57},"7":{"name":"(anonymous_7)","decl":{"start":{"line":58,"column":28},"end":{"line":58,"column":29}},"loc":{"start":{"line":58,"column":36},"end":{"line":64,"column":9}},"line":58},"8":{"name":"(anonymous_8)","decl":{"start":{"line":59,"column":39},"end":{"line":59,"column":40}},"loc":{"start":{"line":59,"column":50},"end":{"line":63,"column":13}},"line":59},"9":{"name":"(anonymous_9)","decl":{"start":{"line":68,"column":4},"end":{"line":68,"column":5}},"loc":{"start":{"line":68,"column":64},"end":{"line":93,"column":5}},"line":68},"10":{"name":"(anonymous_10)","decl":{"start":{"line":94,"column":4},"end":{"line":94,"column":5}},"loc":{"start":{"line":94,"column":24},"end":{"line":97,"column":5}},"line":94},"11":{"name":"(anonymous_11)","decl":{"start":{"line":98,"column":4},"end":{"line":98,"column":5}},"loc":{"start":{"line":98,"column":14},"end":{"line":103,"column":5}},"line":98}},"branchMap":{"0":{"loc":{"start":{"line":4,"column":8},"end":{"line":6,"column":9}},"type":"if","locations":[{"start":{"line":4,"column":8},"end":{"line":6,"column":9}},{"start":{},"end":{}}],"line":4},"1":{"loc":{"start":{"line":4,"column":12},"end":{"line":4,"column":58}},"type":"binary-expr","locations":[{"start":{"line":4,"column":12},"end":{"line":4,"column":36}},{"start":{"line":4,"column":40},"end":{"line":4,"column":58}}],"line":4},"2":{"loc":{"start":{"line":7,"column":8},"end":{"line":9,"column":9}},"type":"if","locations":[{"start":{"line":7,"column":8},"end":{"line":9,"column":9}},{"start":{},"end":{}}],"line":7},"3":{"loc":{"start":{"line":7,"column":12},"end":{"line":7,"column":64}},"type":"binary-expr","locations":[{"start":{"line":7,"column":12},"end":{"line":7,"column":36}},{"start":{"line":7,"column":40},"end":{"line":7,"column":51}},{"start":{"line":7,"column":55},"end":{"line":7,"column":64}}],"line":7},"4":{"loc":{"start":{"line":10,"column":8},"end":{"line":12,"column":9}},"type":"if","locations":[{"start":{"line":10,"column":8},"end":{"line":12,"column":9}},{"start":{},"end":{}}],"line":10},"5":{"loc":{"start":{"line":13,"column":8},"end":{"line":15,"column":9}},"type":"if","locations":[{"start":{"line":13,"column":8},"end":{"line":15,"column":9}},{"start":{},"end":{}}],"line":13},"6":{"loc":{"start":{"line":22,"column":45},"end":{"line":22,"column":96}},"type":"binary-expr","locations":[{"start":{"line":22,"column":45},"end":{"line":22,"column":68}},{"start":{"line":22,"column":72},"end":{"line":22,"column":96}}],"line":22},"7":{"loc":{"start":{"line":25,"column":8},"end":{"line":26,"column":21}},"type":"if","locations":[{"start":{"line":25,"column":8},"end":{"line":26,"column":21}},{"start":{},"end":{}}],"line":25},"8":{"loc":{"start":{"line":31,"column":12},"end":{"line":33,"column":13}},"type":"if","locations":[{"start":{"line":31,"column":12},"end":{"line":33,"column":13}},{"start":{},"end":{}}],"line":31},"9":{"loc":{"start":{"line":39,"column":8},"end":{"line":41,"column":9}},"type":"if","locations":[{"start":{"line":39,"column":8},"end":{"line":41,"column":9}},{"start":{},"end":{}}],"line":39},"10":{"loc":{"start":{"line":39,"column":12},"end":{"line":39,"column":90}},"type":"binary-expr","locations":[{"start":{"line":39,"column":12},"end":{"line":39,"column":18}},{"start":{"line":39,"column":22},"end":{"line":39,"column":40}},{"start":{"line":39,"column":44},"end":{"line":39,"column":54}},{"start":{"line":39,"column":58},"end":{"line":39,"column":66}},{"start":{"line":39,"column":70},"end":{"line":39,"column":90}}],"line":39},"11":{"loc":{"start":{"line":48,"column":16},"end":{"line":50,"column":17}},"type":"if","locations":[{"start":{"line":48,"column":16},"end":{"line":50,"column":17}},{"start":{},"end":{}}],"line":48},"12":{"loc":{"start":{"line":60,"column":24},"end":{"line":62,"column":81}},"type":"binary-expr","locations":[{"start":{"line":60,"column":25},"end":{"line":60,"column":53}},{"start":{"line":60,"column":57},"end":{"line":60,"column":86}},{"start":{"line":61,"column":21},"end":{"line":61,"column":47}},{"start":{"line":61,"column":51},"end":{"line":61,"column":78}},{"start":{"line":62,"column":21},"end":{"line":62,"column":49}},{"start":{"line":62,"column":53},"end":{"line":62,"column":80}}],"line":60},"13":{"loc":{"start":{"line":69,"column":8},"end":{"line":71,"column":9}},"type":"if","locations":[{"start":{"line":69,"column":8},"end":{"line":71,"column":9}},{"start":{},"end":{}}],"line":69},"14":{"loc":{"start":{"line":69,"column":12},"end":{"line":69,"column":39}},"type":"binary-expr","locations":[{"start":{"line":69,"column":12},"end":{"line":69,"column":17}},{"start":{"line":69,"column":21},"end":{"line":69,"column":39}}],"line":69},"15":{"loc":{"start":{"line":72,"column":8},"end":{"line":74,"column":9}},"type":"if","locations":[{"start":{"line":72,"column":8},"end":{"line":74,"column":9}},{"start":{},"end":{}}],"line":72},"16":{"loc":{"start":{"line":75,"column":8},"end":{"line":77,"column":9}},"type":"if","locations":[{"start":{"line":75,"column":8},"end":{"line":77,"column":9}},{"start":{},"end":{}}],"line":75},"17":{"loc":{"start":{"line":78,"column":8},"end":{"line":80,"column":9}},"type":"if","locations":[{"start":{"line":78,"column":8},"end":{"line":80,"column":9}},{"start":{},"end":{}}],"line":78},"18":{"loc":{"start":{"line":81,"column":8},"end":{"line":86,"column":9}},"type":"if","locations":[{"start":{"line":81,"column":8},"end":{"line":86,"column":9}},{"start":{},"end":{}}],"line":81},"19":{"loc":{"start":{"line":82,"column":12},"end":{"line":84,"column":13}},"type":"if","locations":[{"start":{"line":82,"column":12},"end":{"line":84,"column":13}},{"start":{},"end":{}}],"line":82}},"s":{"0":24,"1":4,"2":20,"3":6,"4":14,"5":1,"6":13,"7":1,"8":12,"9":12,"10":12,"11":12,"12":3,"13":4,"14":3,"15":1,"16":2,"17":2,"18":5,"19":5,"20":5,"21":3,"22":5,"23":2,"24":6,"25":5,"26":1,"27":1,"28":1,"29":3,"30":3,"31":3,"32":3,"33":3,"34":1,"35":1,"36":1,"37":1,"38":3,"39":2,"40":20,"41":1,"42":19,"43":1,"44":18,"45":1,"46":17,"47":2,"48":15,"49":2,"50":1,"51":1,"52":13,"53":13,"54":13,"55":13,"56":13,"57":13,"58":17,"59":17,"60":3,"61":3,"62":3,"63":3,"64":1},"f":{"0":24,"1":3,"2":4,"3":3,"4":5,"5":6,"6":1,"7":3,"8":2,"9":20,"10":17,"11":3},"b":{"0":[4,20],"1":[24,22],"2":[6,14],"3":[20,17,16],"4":[1,13],"5":[1,12],"6":[4,2],"7":[1,2],"8":[3,2],"9":[5,1],"10":[6,5,1,1,1],"11":[3,0],"12":[2,1,1,1,1,1],"13":[1,19],"14":[20,19],"15":[1,18],"16":[1,17],"17":[2,15],"18":[2,13],"19":[1,1]},"_coverageSchema":"1a1c01bbd47fc00a2c39e90264f33305004495a9","hash":"b7270b4aa19633ef5f9d5bb12f953c97ab0b129e"}
}
