TN:
SF:Testing/room.js
FN:2,(anonymous_0)
FN:19,(anonymous_1)
FN:20,(anonymous_2)
FN:23,(anonymous_3)
FN:28,(anonymous_4)
FN:39,(anonymous_5)
FN:40,(anonymous_6)
FN:40,(anonymous_7)
FN:45,(anonymous_8)
FN:62,(anonymous_9)
FN:65,(anonymous_10)
FNF:11
FNH:11
FNDA:7,(anonymous_0)
FNDA:3,(anonymous_1)
FNDA:4,(anonymous_2)
FNDA:3,(anonymous_3)
FNDA:5,(anonymous_4)
FNDA:1,(anonymous_5)
FNDA:2,(anonymous_6)
FNDA:4,(anonymous_7)
FNDA:10,(anonymous_8)
FNDA:9,(anonymous_9)
FNDA:2,(anonymous_10)
DA:3,7
DA:4,0
DA:6,7
DA:7,1
DA:9,6
DA:10,1
DA:13,5
DA:14,5
DA:15,5
DA:16,5
DA:20,4
DA:24,3
DA:26,2
DA:28,2
DA:29,5
DA:30,5
DA:31,5
DA:32,5
DA:35,2
DA:40,4
DA:46,10
DA:47,1
DA:50,9
DA:51,1
DA:54,8
DA:55,8
DA:56,8
DA:57,8
DA:58,8
DA:59,8
DA:62,9
DA:66,2
DA:67,2
DA:68,2
DA:69,2
DA:74,1
LF:36
LH:35
BRDA:3,0,0,0
BRDA:3,0,1,7
BRDA:3,1,0,7
BRDA:3,1,1,7
BRDA:6,2,0,1
BRDA:6,2,1,6
BRDA:9,3,0,1
BRDA:9,3,1,5
BRDA:20,4,0,4
BRDA:20,4,1,2
BRDA:24,5,0,1
BRDA:24,5,1,2
BRDA:31,6,0,3
BRDA:31,6,1,2
BRDA:40,7,0,4
BRDA:40,7,1,4
BRDA:46,8,0,1
BRDA:46,8,1,9
BRDA:50,9,0,1
BRDA:50,9,1,8
BRF:20
BRH:19
end_of_record
