TN:
SF:src/room.js
FN:3,(anonymous_0)
FN:21,(anonymous_1)
FN:22,(anonymous_2)
FN:24,(anonymous_3)
FN:28,(anonymous_4)
FN:38,(anonymous_5)
FN:57,(anonymous_6)
FN:58,(anonymous_7)
FN:59,(anonymous_8)
FN:68,(anonymous_9)
FN:94,(anonymous_10)
FN:98,(anonymous_11)
FNF:12
FNH:12
FNDA:24,(anonymous_0)
FNDA:3,(anonymous_1)
FNDA:4,(anonymous_2)
FNDA:3,(anonymous_3)
FNDA:5,(anonymous_4)
FNDA:6,(anonymous_5)
FNDA:1,(anonymous_6)
FNDA:3,(anonymous_7)
FNDA:2,(anonymous_8)
FNDA:20,(anonymous_9)
FNDA:17,(anonymous_10)
FNDA:3,(anonymous_11)
DA:4,24
DA:5,4
DA:7,20
DA:8,6
DA:10,14
DA:11,1
DA:13,13
DA:14,1
DA:16,12
DA:17,12
DA:18,12
DA:19,12
DA:22,4
DA:25,3
DA:26,1
DA:27,2
DA:28,2
DA:29,5
DA:30,5
DA:31,5
DA:32,3
DA:34,5
DA:36,2
DA:39,6
DA:40,5
DA:42,1
DA:43,1
DA:44,1
DA:45,3
DA:46,3
DA:47,3
DA:48,3
DA:49,3
DA:53,1
DA:54,1
DA:55,1
DA:58,1
DA:59,3
DA:60,2
DA:69,20
DA:70,1
DA:72,19
DA:73,1
DA:75,18
DA:76,1
DA:78,17
DA:79,2
DA:81,15
DA:82,2
DA:83,1
DA:85,1
DA:87,13
DA:88,13
DA:89,13
DA:90,13
DA:91,13
DA:92,13
DA:95,17
DA:96,17
DA:99,3
DA:100,3
DA:101,3
DA:102,3
DA:105,1
LF:64
LH:64
BRDA:4,0,0,4
BRDA:4,0,1,20
BRDA:4,1,0,24
BRDA:4,1,1,22
BRDA:7,2,0,6
BRDA:7,2,1,14
BRDA:7,3,0,20
BRDA:7,3,1,17
BRDA:7,3,2,16
BRDA:10,4,0,1
BRDA:10,4,1,13
BRDA:13,5,0,1
BRDA:13,5,1,12
BRDA:22,6,0,4
BRDA:22,6,1,2
BRDA:25,7,0,1
BRDA:25,7,1,2
BRDA:31,8,0,3
BRDA:31,8,1,2
BRDA:39,9,0,5
BRDA:39,9,1,1
BRDA:39,10,0,6
BRDA:39,10,1,5
BRDA:39,10,2,1
BRDA:39,10,3,1
BRDA:39,10,4,1
BRDA:48,11,0,3
BRDA:48,11,1,0
BRDA:60,12,0,2
BRDA:60,12,1,1
BRDA:60,12,2,1
BRDA:60,12,3,1
BRDA:60,12,4,1
BRDA:60,12,5,1
BRDA:69,13,0,1
BRDA:69,13,1,19
BRDA:69,14,0,20
BRDA:69,14,1,19
BRDA:72,15,0,1
BRDA:72,15,1,18
BRDA:75,16,0,1
BRDA:75,16,1,17
BRDA:78,17,0,2
BRDA:78,17,1,15
BRDA:81,18,0,2
BRDA:81,18,1,13
BRDA:82,19,0,1
BRDA:82,19,1,1
BRF:48
BRH:47
end_of_record
